==========	START	RUN	=========

Date and time: Tue Feb 16 20:07:25 2021

Running parKVFinder for job ID: 550353461108510246
Resolution: Low
Step size too small! Resizing... New step size = 0.15
Step size too small! Resizing... New step size = 0.20
Step size too small! Resizing... New step size = 0.25
Step size too small! Resizing... New step size = 0.30
Step size too small! Resizing... New step size = 0.35
Step size too small! Resizing... New step size = 0.40
Step size too small! Resizing... New step size = 0.45
Step size too small! Resizing... New step size = 0.50
Step size too small! Resizing... New step size = 0.55
Step size too small! Resizing... New step size = 0.60
Chosen step size = 0.60
Unitary box volume: 0.2160 Angstrons^3
m: 111	n: 83	o: 65
sina: 0.00	sinb: 0.00	
cosa: 1.00	cosb: 1.00
Warning: Atom radius not found in dictionary:H1 PRO!
Warning: Using generic atom H radius value 0.91
Warning: Atom radius not found in dictionary:H2 PRO!
Warning: Using generic atom H radius value 0.91
Warning: Atom radius not found in dictionary:1HE2GLN GLN!
Warning: Using generic atom H radius value 0.91
Warning: Atom radius not found in dictionary:2HE2GLN GLN!
Warning: Using generic atom H radius value 0.91
Warning: Atom radius not found in dictionary:1HG1VAL VAL!
Warning: Using generic atom H radius value 0.91
Warning: Atom radius not found in dictionary:2HG1VAL VAL!
Warning: Using generic atom H radius value 0.91
Warning: Atom radius not found in dictionary:3HG1VAL VAL!
Warning: Using generic atom H radius value 0.91
Warning: Atom radius not found in dictionary:1HG2VAL VAL!
Warning: Using generic atom H radius value 0.91
Warning: Atom radius not found in dictionary:2HG2VAL VAL!
Warning: Using generic atom H radius value 0.91
Warning: Atom radius not found in dictionary:3HG2VAL VAL!
Warning: Using generic atom H radius value 0.91
Warning: Atom radius not found in dictionary:1HG2THR THR!
Warning: Using generic atom H radius value 0.91
Warning: Atom radius not found in dictionary:2HG2THR THR!
Warning: Using generic atom H radius value 0.91
Warning: Atom radius not found in dictionary:3HG2THR THR!
Warning: Using generic atom H radius value 0.91
Warning: Atom radius not found in dictionary:1HD1LEU LEU!
Warning: Using generic atom H radius value 0.91
Warning: Atom radius not found in dictionary:2HD1LEU LEU!
Warning: Using generic atom H radius value 0.91
Warning: Atom radius not found in dictionary:3HD1LEU LEU!
Warning: Using generic atom H radius value 0.91
Warning: Atom radius not found in dictionary:1HD2LEU LEU!
Warning: Using generic atom H radius value 0.91
Warning: Atom radius not found in dictionary:2HD2LEU LEU!
Warning: Using generic atom H radius value 0.91
Warning: Atom radius not found in dictionary:3HD2LEU LEU!
Warning: Using generic atom H radius value 0.91
Warning: Atom radius not found in dictionary:1HE2GLN GLN!
Warning: Using generic atom H radius value 0.91
Warning: Atom radius not found in dictionary:2HE2GLN GLN!
Warning: Using generic atom H radius value 0.91
Warning: Atom radius not found in dictionary:1HH1ARG ARG!
Warning: Using generic atom H radius value 0.91
Warning: Atom radius not found in dictionary:2HH1ARG ARG!
Warning: Using generic atom H radius value 0.91
Warning: Atom radius not found in dictionary:1HH2ARG ARG!
Warning: Using generic atom H radius value 0.91
Warning: Atom radius not found in dictionary:2HH2ARG ARG!
Warning: Using generic atom H radius value 0.91
Warning: Atom radius not found in dictionary:1HD1LEU LEU!
Warning: Using generic atom H radius value 0.91
Warning: Atom radius not found in dictionary:2HD1LEU LEU!
Warning: Using generic atom H radius value 0.91
Warning: Atom radius not found in dictionary:3HD1LEU LEU!
Warning: Using generic atom H radius value 0.91
Warning: Atom radius not found in dictionary:1HD2LEU LEU!
Warning: Using generic atom H radius value 0.91
Warning: Atom radius not found in dictionary:2HD2LEU LEU!
Warning: Using generic atom H radius value 0.91
Warning: Atom radius not found in dictionary:3HD2LEU LEU!
Warning: Using generic atom H radius value 0.91
Warning: Atom radius not found in dictionary:1HG1VAL VAL!
Warning: Using generic atom H radius value 0.91
Warning: Atom radius not found in dictionary:2HG1VAL VAL!
Warning: Using generic atom H radius value 0.91
Warning: Atom radius not found in dictionary:3HG1VAL VAL!
Warning: Using generic atom H radius value 0.91
Warning: Atom radius not found in dictionary:1HG2VAL VAL!
Warning: Using generic atom H radius value 0.91
Warning: Atom radius not found in dictionary:2HG2VAL VAL!
Warning: Using generic atom H radius value 0.91
Warning: Atom radius not found in dictionary:3HG2VAL VAL!
Warning: Using generic atom H radius value 0.91
Warning: Atom radius not found in dictionary:1HG2THR THR!
Warning: Using generic atom H radius value 0.91
Warning: Atom radius not found in dictionary:2HG2THR THR!
Warning: Using generic atom H radius value 0.91
Warning: Atom radius not found in dictionary:3HG2THR THR!
Warning: Using generic atom H radius value 0.91
Warning: Atom radius not found in dictionary:CD ILE!
Warning: Using generic atom C radius value 1.66
Warning: Atom radius not found in dictionary:1HG1ILE ILE!
Warning: Using generic atom H radius value 0.91
Warning: Atom radius not found in dictionary:2HG1ILE ILE!
Warning: Using generic atom H radius value 0.91
Warning: Atom radius not found in dictionary:1HG2ILE ILE!
Warning: Using generic atom H radius value 0.91
Warning: Atom radius not found in dictionary:2HG2ILE ILE!
Warning: Using generic atom H radius value 0.91
Warning: Atom radius not found in dictionary:3HG2ILE ILE!
Warning: Using generic atom H radius value 0.91
Warning: Atom radius not found in dictionary:HD1 ILE!
Warning: Using generic atom H radius value 0.91
Warning: Atom radius not found in dictionary:HD2 ILE!
Warning: Using generic atom H radius value 0.91
Warning: Atom radius not found in dictionary:HD3 ILE!
Warning: Using generic atom H radius value 0.91
Warning: Atom radius not found in dictionary:CD ILE!
Warning: Using generic atom C radius value 1.66
Warning: Atom radius not found in dictionary:1HG1ILE ILE!
Warning: Using generic atom H radius value 0.91
Warning: Atom radius not found in dictionary:2HG1ILE ILE!
Warning: Using generic atom H radius value 0.91
Warning: Atom radius not found in dictionary:1HG2ILE ILE!
Warning: Using generic atom H radius value 0.91
Warning: Atom radius not found in dictionary:2HG2ILE ILE!
Warning: Using generic atom H radius value 0.91
Warning: Atom radius not found in dictionary:3HG2ILE ILE!
Warning: Using generic atom H radius value 0.91
Warning: Atom radius not found in dictionary:HD1 ILE!
Warning: Using generic atom H radius value 0.91
Warning: Atom radius not found in dictionary:HD2 ILE!
Warning: Using generic atom H radius value 0.91
Warning: Atom radius not found in dictionary:HD3 ILE!
Warning: Using generic atom H radius value 0.91
Warning: Atom radius not found in dictionary:1HE2GLN GLN!
Warning: Using generic atom H radius value 0.91
Warning: Atom radius not found in dictionary:2HE2GLN GLN!
Warning: Using generic atom H radius value 0.91
Warning: Atom radius not found in dictionary:1HD1LEU LEU!
Warning: Using generic atom H radius value 0.91
Warning: Atom radius not found in dictionary:2HD1LEU LEU!
Warning: Using generic atom H radius value 0.91
Warning: Atom radius not found in dictionary:3HD1LEU LEU!
Warning: Using generic atom H radius value 0.91
Warning: Atom radius not found in dictionary:1HD2LEU LEU!
Warning: Using generic atom H radius value 0.91
Warning: Atom radius not found in dictionary:2HD2LEU LEU!
Warning: Using generic atom H radius value 0.91
Warning: Atom radius not found in dictionary:3HD2LEU LEU!
Warning: Using generic atom H radius value 0.91
Warning: Atom radius not found in dictionary:1HD1LEU LEU!
Warning: Using generic atom H radius value 0.91
Warning: Atom radius not found in dictionary:2HD1LEU LEU!
Warning: Using generic atom H radius value 0.91
Warning: Atom radius not found in dictionary:3HD1LEU LEU!
Warning: Using generic atom H radius value 0.91
Warning: Atom radius not found in dictionary:1HD2LEU LEU!
Warning: Using generic atom H radius value 0.91
Warning: Atom radius not found in dictionary:2HD2LEU LEU!
Warning: Using generic atom H radius value 0.91
Warning: Atom radius not found in dictionary:3HD2LEU LEU!
Warning: Using generic atom H radius value 0.91
Warning: Atom radius not found in dictionary:1HD1LEU LEU!
Warning: Using generic atom H radius value 0.91
Warning: Atom radius not found in dictionary:2HD1LEU LEU!
Warning: Using generic atom H radius value 0.91
Warning: Atom radius not found in dictionary:3HD1LEU LEU!
Warning: Using generic atom H radius value 0.91
Warning: Atom radius not found in dictionary:1HD2LEU LEU!
Warning: Using generic atom H radius value 0.91
Warning: Atom radius not found in dictionary:2HD2LEU LEU!
Warning: Using generic atom H radius value 0.91
Warning: Atom radius not found in dictionary:3HD2LEU LEU!
Warning: Using generic atom H radius value 0.91
Warning: Atom radius not found in dictionary:1HG2THR THR!
Warning: Using generic atom H radius value 0.91
Warning: Atom radius not found in dictionary:2HG2THR THR!
Warning: Using generic atom H radius value 0.91
Warning: Atom radius not found in dictionary:3HG2THR THR!
Warning: Using generic atom H radius value 0.91
Warning: Atom radius not found in dictionary:1HG2THR THR!
Warning: Using generic atom H radius value 0.91
Warning: Atom radius not found in dictionary:2HG2THR THR!
Warning: Using generic atom H radius value 0.91
Warning: Atom radius not found in dictionary:3HG2THR THR!
Warning: Using generic atom H radius value 0.91
Warning: Atom radius not found in dictionary:1HG1VAL VAL!
Warning: Using generic atom H radius value 0.91
Warning: Atom radius not found in dictionary:2HG1VAL VAL!
Warning: Using generic atom H radius value 0.91
Warning: Atom radius not found in dictionary:3HG1VAL VAL!
Warning: Using generic atom H radius value 0.91
Warning: Atom radius not found in dictionary:1HG2VAL VAL!
Warning: Using generic atom H radius value 0.91
Warning: Atom radius not found in dictionary:2HG2VAL VAL!
Warning: Using generic atom H radius value 0.91
Warning: Atom radius not found in dictionary:3HG2VAL VAL!
Warning: Using generic atom H radius value 0.91
Warning: Atom radius not found in dictionary:1HD1LEU LEU!
Warning: Using generic atom H radius value 0.91
Warning: Atom radius not found in dictionary:2HD1LEU LEU!
Warning: Using generic atom H radius value 0.91
Warning: Atom radius not found in dictionary:3HD1LEU LEU!
Warning: Using generic atom H radius value 0.91
Warning: Atom radius not found in dictionary:1HD2LEU LEU!
Warning: Using generic atom H radius value 0.91
Warning: Atom radius not found in dictionary:2HD2LEU LEU!
Warning: Using generic atom H radius value 0.91
Warning: Atom radius not found in dictionary:3HD2LEU LEU!
Warning: Using generic atom H radius value 0.91
Warning: Atom radius not found in dictionary:1HD1LEU LEU!
Warning: Using generic atom H radius value 0.91
Warning: Atom radius not found in dictionary:2HD1LEU LEU!
Warning: Using generic atom H radius value 0.91
Warning: Atom radius not found in dictionary:3HD1LEU LEU!
Warning: Using generic atom H radius value 0.91
Warning: Atom radius not found in dictionary:1HD2LEU LEU!
Warning: Using generic atom H radius value 0.91
Warning: Atom radius not found in dictionary:2HD2LEU LEU!
Warning: Using generic atom H radius value 0.91
Warning: Atom radius not found in dictionary:3HD2LEU LEU!
Warning: Using generic atom H radius value 0.91
Warning: Atom radius not found in dictionary:1HH1ARG ARG!
Warning: Using generic atom H radius value 0.91
Warning: Atom radius not found in dictionary:2HH1ARG ARG!
Warning: Using generic atom H radius value 0.91
Warning: Atom radius not found in dictionary:1HH2ARG ARG!
Warning: Using generic atom H radius value 0.91
Warning: Atom radius not found in dictionary:2HH2ARG ARG!
Warning: Using generic atom H radius value 0.91
Warning: Atom radius not found in dictionary:CD ILE!
Warning: Using generic atom C radius value 1.66
Warning: Atom radius not found in dictionary:1HG1ILE ILE!
Warning: Using generic atom H radius value 0.91
Warning: Atom radius not found in dictionary:2HG1ILE ILE!
Warning: Using generic atom H radius value 0.91
Warning: Atom radius not found in dictionary:1HG2ILE ILE!
Warning: Using generic atom H radius value 0.91
Warning: Atom radius not found in dictionary:2HG2ILE ILE!
Warning: Using generic atom H radius value 0.91
Warning: Atom radius not found in dictionary:3HG2ILE ILE!
Warning: Using generic atom H radius value 0.91
Warning: Atom radius not found in dictionary:HD1 ILE!
Warning: Using generic atom H radius value 0.91
Warning: Atom radius not found in dictionary:HD2 ILE!
Warning: Using generic atom H radius value 0.91
Warning: Atom radius not found in dictionary:HD3 ILE!
Warning: Using generic atom H radius value 0.91
Warning: Atom radius not found in dictionary:CD ILE!
Warning: Using generic atom C radius value 1.66
Warning: Atom radius not found in dictionary:1HG1ILE ILE!
Warning: Using generic atom H radius value 0.91
Warning: Atom radius not found in dictionary:2HG1ILE ILE!
Warning: Using generic atom H radius value 0.91
Warning: Atom radius not found in dictionary:1HG2ILE ILE!
Warning: Using generic atom H radius value 0.91
Warning: Atom radius not found in dictionary:2HG2ILE ILE!
Warning: Using generic atom H radius value 0.91
Warning: Atom radius not found in dictionary:3HG2ILE ILE!
Warning: Using generic atom H radius value 0.91
Warning: Atom radius not found in dictionary:HD1 ILE!
Warning: Using generic atom H radius value 0.91
Warning: Atom radius not found in dictionary:HD2 ILE!
Warning: Using generic atom H radius value 0.91
Warning: Atom radius not found in dictionary:HD3 ILE!
Warning: Using generic atom H radius value 0.91
Warning: Atom radius not found in dictionary:CD ILE!
Warning: Using generic atom C radius value 1.66
Warning: Atom radius not found in dictionary:1HG1ILE ILE!
Warning: Using generic atom H radius value 0.91
Warning: Atom radius not found in dictionary:2HG1ILE ILE!
Warning: Using generic atom H radius value 0.91
Warning: Atom radius not found in dictionary:1HG2ILE ILE!
Warning: Using generic atom H radius value 0.91
Warning: Atom radius not found in dictionary:2HG2ILE ILE!
Warning: Using generic atom H radius value 0.91
Warning: Atom radius not found in dictionary:3HG2ILE ILE!
Warning: Using generic atom H radius value 0.91
Warning: Atom radius not found in dictionary:HD1 ILE!
Warning: Using generic atom H radius value 0.91
Warning: Atom radius not found in dictionary:HD2 ILE!
Warning: Using generic atom H radius value 0.91
Warning: Atom radius not found in dictionary:HD3 ILE!
Warning: Using generic atom H radius value 0.91
Warning: Atom radius not found in dictionary:1HG1VAL VAL!
Warning: Using generic atom H radius value 0.91
Warning: Atom radius not found in dictionary:2HG1VAL VAL!
Warning: Using generic atom H radius value 0.91
Warning: Atom radius not found in dictionary:3HG1VAL VAL!
Warning: Using generic atom H radius value 0.91
Warning: Atom radius not found in dictionary:1HG2VAL VAL!
Warning: Using generic atom H radius value 0.91
Warning: Atom radius not found in dictionary:2HG2VAL VAL!
Warning: Using generic atom H radius value 0.91
Warning: Atom radius not found in dictionary:3HG2VAL VAL!
Warning: Using generic atom H radius value 0.91
Warning: Atom radius not found in dictionary:1HH1ARG ARG!
Warning: Using generic atom H radius value 0.91
Warning: Atom radius not found in dictionary:2HH1ARG ARG!
Warning: Using generic atom H radius value 0.91
Warning: Atom radius not found in dictionary:1HH2ARG ARG!
Warning: Using generic atom H radius value 0.91
Warning: Atom radius not found in dictionary:2HH2ARG ARG!
Warning: Using generic atom H radius value 0.91
Warning: Atom radius not found in dictionary:1HE2GLN GLN!
Warning: Using generic atom H radius value 0.91
Warning: Atom radius not found in dictionary:2HE2GLN GLN!
Warning: Using generic atom H radius value 0.91
Warning: Atom radius not found in dictionary:1HE2GLN GLN!
Warning: Using generic atom H radius value 0.91
Warning: Atom radius not found in dictionary:2HE2GLN GLN!
Warning: Using generic atom H radius value 0.91
Warning: Atom radius not found in dictionary:CD ILE!
Warning: Using generic atom C radius value 1.66
Warning: Atom radius not found in dictionary:1HG1ILE ILE!
Warning: Using generic atom H radius value 0.91
Warning: Atom radius not found in dictionary:2HG1ILE ILE!
Warning: Using generic atom H radius value 0.91
Warning: Atom radius not found in dictionary:1HG2ILE ILE!
Warning: Using generic atom H radius value 0.91
Warning: Atom radius not found in dictionary:2HG2ILE ILE!
Warning: Using generic atom H radius value 0.91
Warning: Atom radius not found in dictionary:3HG2ILE ILE!
Warning: Using generic atom H radius value 0.91
Warning: Atom radius not found in dictionary:HD1 ILE!
Warning: Using generic atom H radius value 0.91
Warning: Atom radius not found in dictionary:HD2 ILE!
Warning: Using generic atom H radius value 0.91
Warning: Atom radius not found in dictionary:HD3 ILE!
Warning: Using generic atom H radius value 0.91
Warning: Atom radius not found in dictionary:1HD1LEU LEU!
Warning: Using generic atom H radius value 0.91
Warning: Atom radius not found in dictionary:2HD1LEU LEU!
Warning: Using generic atom H radius value 0.91
Warning: Atom radius not found in dictionary:3HD1LEU LEU!
Warning: Using generic atom H radius value 0.91
Warning: Atom radius not found in dictionary:1HD2LEU LEU!
Warning: Using generic atom H radius value 0.91
Warning: Atom radius not found in dictionary:2HD2LEU LEU!
Warning: Using generic atom H radius value 0.91
Warning: Atom radius not found in dictionary:3HD2LEU LEU!
Warning: Using generic atom H radius value 0.91
Warning: Atom radius not found in dictionary:CD ILE!
Warning: Using generic atom C radius value 1.66
Warning: Atom radius not found in dictionary:1HG1ILE ILE!
Warning: Using generic atom H radius value 0.91
Warning: Atom radius not found in dictionary:2HG1ILE ILE!
Warning: Using generic atom H radius value 0.91
Warning: Atom radius not found in dictionary:1HG2ILE ILE!
Warning: Using generic atom H radius value 0.91
Warning: Atom radius not found in dictionary:2HG2ILE ILE!
Warning: Using generic atom H radius value 0.91
Warning: Atom radius not found in dictionary:3HG2ILE ILE!
Warning: Using generic atom H radius value 0.91
Warning: Atom radius not found in dictionary:HD1 ILE!
Warning: Using generic atom H radius value 0.91
Warning: Atom radius not found in dictionary:HD2 ILE!
Warning: Using generic atom H radius value 0.91
Warning: Atom radius not found in dictionary:HD3 ILE!
Warning: Using generic atom H radius value 0.91
Warning: Atom radius not found in dictionary:CD ILE!
Warning: Using generic atom C radius value 1.66
Warning: Atom radius not found in dictionary:1HG1ILE ILE!
Warning: Using generic atom H radius value 0.91
Warning: Atom radius not found in dictionary:2HG1ILE ILE!
Warning: Using generic atom H radius value 0.91
Warning: Atom radius not found in dictionary:1HG2ILE ILE!
Warning: Using generic atom H radius value 0.91
Warning: Atom radius not found in dictionary:2HG2ILE ILE!
Warning: Using generic atom H radius value 0.91
Warning: Atom radius not found in dictionary:3HG2ILE ILE!
Warning: Using generic atom H radius value 0.91
Warning: Atom radius not found in dictionary:HD1 ILE!
Warning: Using generic atom H radius value 0.91
Warning: Atom radius not found in dictionary:HD2 ILE!
Warning: Using generic atom H radius value 0.91
Warning: Atom radius not found in dictionary:HD3 ILE!
Warning: Using generic atom H radius value 0.91
Warning: Atom radius not found in dictionary:HE2 HIS!
Warning: Using generic atom H radius value 0.91
Warning: Atom radius not found in dictionary:CD ILE!
Warning: Using generic atom C radius value 1.66
Warning: Atom radius not found in dictionary:1HG1ILE ILE!
Warning: Using generic atom H radius value 0.91
Warning: Atom radius not found in dictionary:2HG1ILE ILE!
Warning: Using generic atom H radius value 0.91
Warning: Atom radius not found in dictionary:1HG2ILE ILE!
Warning: Using generic atom H radius value 0.91
Warning: Atom radius not found in dictionary:2HG2ILE ILE!
Warning: Using generic atom H radius value 0.91
Warning: Atom radius not found in dictionary:3HG2ILE ILE!
Warning: Using generic atom H radius value 0.91
Warning: Atom radius not found in dictionary:HD1 ILE!
Warning: Using generic atom H radius value 0.91
Warning: Atom radius not found in dictionary:HD2 ILE!
Warning: Using generic atom H radius value 0.91
Warning: Atom radius not found in dictionary:HD3 ILE!
Warning: Using generic atom H radius value 0.91
Warning: Atom radius not found in dictionary:1HG2THR THR!
Warning: Using generic atom H radius value 0.91
Warning: Atom radius not found in dictionary:2HG2THR THR!
Warning: Using generic atom H radius value 0.91
Warning: Atom radius not found in dictionary:3HG2THR THR!
Warning: Using generic atom H radius value 0.91
Warning: Atom radius not found in dictionary:1HG1VAL VAL!
Warning: Using generic atom H radius value 0.91
Warning: Atom radius not found in dictionary:2HG1VAL VAL!
Warning: Using generic atom H radius value 0.91
Warning: Atom radius not found in dictionary:3HG1VAL VAL!
Warning: Using generic atom H radius value 0.91
Warning: Atom radius not found in dictionary:1HG2VAL VAL!
Warning: Using generic atom H radius value 0.91
Warning: Atom radius not found in dictionary:2HG2VAL VAL!
Warning: Using generic atom H radius value 0.91
Warning: Atom radius not found in dictionary:3HG2VAL VAL!
Warning: Using generic atom H radius value 0.91
Warning: Atom radius not found in dictionary:1HD1LEU LEU!
Warning: Using generic atom H radius value 0.91
Warning: Atom radius not found in dictionary:2HD1LEU LEU!
Warning: Using generic atom H radius value 0.91
Warning: Atom radius not found in dictionary:3HD1LEU LEU!
Warning: Using generic atom H radius value 0.91
Warning: Atom radius not found in dictionary:1HD2LEU LEU!
Warning: Using generic atom H radius value 0.91
Warning: Atom radius not found in dictionary:2HD2LEU LEU!
Warning: Using generic atom H radius value 0.91
Warning: Atom radius not found in dictionary:3HD2LEU LEU!
Warning: Using generic atom H radius value 0.91
Warning: Atom radius not found in dictionary:1HG1VAL VAL!
Warning: Using generic atom H radius value 0.91
Warning: Atom radius not found in dictionary:2HG1VAL VAL!
Warning: Using generic atom H radius value 0.91
Warning: Atom radius not found in dictionary:3HG1VAL VAL!
Warning: Using generic atom H radius value 0.91
Warning: Atom radius not found in dictionary:1HG2VAL VAL!
Warning: Using generic atom H radius value 0.91
Warning: Atom radius not found in dictionary:2HG2VAL VAL!
Warning: Using generic atom H radius value 0.91
Warning: Atom radius not found in dictionary:3HG2VAL VAL!
Warning: Using generic atom H radius value 0.91
Warning: Atom radius not found in dictionary:1HG2THR THR!
Warning: Using generic atom H radius value 0.91
Warning: Atom radius not found in dictionary:2HG2THR THR!
Warning: Using generic atom H radius value 0.91
Warning: Atom radius not found in dictionary:3HG2THR THR!
Warning: Using generic atom H radius value 0.91
Warning: Atom radius not found in dictionary:1HG1VAL VAL!
Warning: Using generic atom H radius value 0.91
Warning: Atom radius not found in dictionary:2HG1VAL VAL!
Warning: Using generic atom H radius value 0.91
Warning: Atom radius not found in dictionary:3HG1VAL VAL!
Warning: Using generic atom H radius value 0.91
Warning: Atom radius not found in dictionary:1HG2VAL VAL!
Warning: Using generic atom H radius value 0.91
Warning: Atom radius not found in dictionary:2HG2VAL VAL!
Warning: Using generic atom H radius value 0.91
Warning: Atom radius not found in dictionary:3HG2VAL VAL!
Warning: Using generic atom H radius value 0.91
Warning: Atom radius not found in dictionary:1HD2ASN ASN!
Warning: Using generic atom H radius value 0.91
Warning: Atom radius not found in dictionary:2HD2ASN ASN!
Warning: Using generic atom H radius value 0.91
Warning: Atom radius not found in dictionary:CD ILE!
Warning: Using generic atom C radius value 1.66
Warning: Atom radius not found in dictionary:1HG1ILE ILE!
Warning: Using generic atom H radius value 0.91
Warning: Atom radius not found in dictionary:2HG1ILE ILE!
Warning: Using generic atom H radius value 0.91
Warning: Atom radius not found in dictionary:1HG2ILE ILE!
Warning: Using generic atom H radius value 0.91
Warning: Atom radius not found in dictionary:2HG2ILE ILE!
Warning: Using generic atom H radius value 0.91
Warning: Atom radius not found in dictionary:3HG2ILE ILE!
Warning: Using generic atom H radius value 0.91
Warning: Atom radius not found in dictionary:HD1 ILE!
Warning: Using generic atom H radius value 0.91
Warning: Atom radius not found in dictionary:HD2 ILE!
Warning: Using generic atom H radius value 0.91
Warning: Atom radius not found in dictionary:HD3 ILE!
Warning: Using generic atom H radius value 0.91
Warning: Atom radius not found in dictionary:CD ILE!
Warning: Using generic atom C radius value 1.66
Warning: Atom radius not found in dictionary:1HG1ILE ILE!
Warning: Using generic atom H radius value 0.91
Warning: Atom radius not found in dictionary:2HG1ILE ILE!
Warning: Using generic atom H radius value 0.91
Warning: Atom radius not found in dictionary:1HG2ILE ILE!
Warning: Using generic atom H radius value 0.91
Warning: Atom radius not found in dictionary:2HG2ILE ILE!
Warning: Using generic atom H radius value 0.91
Warning: Atom radius not found in dictionary:3HG2ILE ILE!
Warning: Using generic atom H radius value 0.91
Warning: Atom radius not found in dictionary:HD1 ILE!
Warning: Using generic atom H radius value 0.91
Warning: Atom radius not found in dictionary:HD2 ILE!
Warning: Using generic atom H radius value 0.91
Warning: Atom radius not found in dictionary:HD3 ILE!
Warning: Using generic atom H radius value 0.91
Warning: Atom radius not found in dictionary:1HH1ARG ARG!
Warning: Using generic atom H radius value 0.91
Warning: Atom radius not found in dictionary:2HH1ARG ARG!
Warning: Using generic atom H radius value 0.91
Warning: Atom radius not found in dictionary:1HH2ARG ARG!
Warning: Using generic atom H radius value 0.91
Warning: Atom radius not found in dictionary:2HH2ARG ARG!
Warning: Using generic atom H radius value 0.91
Warning: Atom radius not found in dictionary:1HD2ASN ASN!
Warning: Using generic atom H radius value 0.91
Warning: Atom radius not found in dictionary:2HD2ASN ASN!
Warning: Using generic atom H radius value 0.91
Warning: Atom radius not found in dictionary:1HD1LEU LEU!
Warning: Using generic atom H radius value 0.91
Warning: Atom radius not found in dictionary:2HD1LEU LEU!
Warning: Using generic atom H radius value 0.91
Warning: Atom radius not found in dictionary:3HD1LEU LEU!
Warning: Using generic atom H radius value 0.91
Warning: Atom radius not found in dictionary:1HD2LEU LEU!
Warning: Using generic atom H radius value 0.91
Warning: Atom radius not found in dictionary:2HD2LEU LEU!
Warning: Using generic atom H radius value 0.91
Warning: Atom radius not found in dictionary:3HD2LEU LEU!
Warning: Using generic atom H radius value 0.91
Warning: Atom radius not found in dictionary:1HD1LEU LEU!
Warning: Using generic atom H radius value 0.91
Warning: Atom radius not found in dictionary:2HD1LEU LEU!
Warning: Using generic atom H radius value 0.91
Warning: Atom radius not found in dictionary:3HD1LEU LEU!
Warning: Using generic atom H radius value 0.91
Warning: Atom radius not found in dictionary:1HD2LEU LEU!
Warning: Using generic atom H radius value 0.91
Warning: Atom radius not found in dictionary:2HD2LEU LEU!
Warning: Using generic atom H radius value 0.91
Warning: Atom radius not found in dictionary:3HD2LEU LEU!
Warning: Using generic atom H radius value 0.91
Warning: Atom radius not found in dictionary:1HG2THR THR!
Warning: Using generic atom H radius value 0.91
Warning: Atom radius not found in dictionary:2HG2THR THR!
Warning: Using generic atom H radius value 0.91
Warning: Atom radius not found in dictionary:3HG2THR THR!
Warning: Using generic atom H radius value 0.91
Warning: Atom radius not found in dictionary:1HE2GLN GLN!
Warning: Using generic atom H radius value 0.91
Warning: Atom radius not found in dictionary:2HE2GLN GLN!
Warning: Using generic atom H radius value 0.91
Warning: Atom radius not found in dictionary:CD ILE!
Warning: Using generic atom C radius value 1.66
Warning: Atom radius not found in dictionary:1HG1ILE ILE!
Warning: Using generic atom H radius value 0.91
Warning: Atom radius not found in dictionary:2HG1ILE ILE!
Warning: Using generic atom H radius value 0.91
Warning: Atom radius not found in dictionary:1HG2ILE ILE!
Warning: Using generic atom H radius value 0.91
Warning: Atom radius not found in dictionary:2HG2ILE ILE!
Warning: Using generic atom H radius value 0.91
Warning: Atom radius not found in dictionary:3HG2ILE ILE!
Warning: Using generic atom H radius value 0.91
Warning: Atom radius not found in dictionary:HD1 ILE!
Warning: Using generic atom H radius value 0.91
Warning: Atom radius not found in dictionary:HD2 ILE!
Warning: Using generic atom H radius value 0.91
Warning: Atom radius not found in dictionary:HD3 ILE!
Warning: Using generic atom H radius value 0.91
Warning: Atom radius not found in dictionary:1HG2THR THR!
Warning: Using generic atom H radius value 0.91
Warning: Atom radius not found in dictionary:2HG2THR THR!
Warning: Using generic atom H radius value 0.91
Warning: Atom radius not found in dictionary:3HG2THR THR!
Warning: Using generic atom H radius value 0.91
Warning: Atom radius not found in dictionary:1HD1LEU LEU!
Warning: Using generic atom H radius value 0.91
Warning: Atom radius not found in dictionary:2HD1LEU LEU!
Warning: Using generic atom H radius value 0.91
Warning: Atom radius not found in dictionary:3HD1LEU LEU!
Warning: Using generic atom H radius value 0.91
Warning: Atom radius not found in dictionary:1HD2LEU LEU!
Warning: Using generic atom H radius value 0.91
Warning: Atom radius not found in dictionary:2HD2LEU LEU!
Warning: Using generic atom H radius value 0.91
Warning: Atom radius not found in dictionary:3HD2LEU LEU!
Warning: Using generic atom H radius value 0.91
Warning: Atom radius not found in dictionary:1HD2ASN ASN!
Warning: Using generic atom H radius value 0.91
Warning: Atom radius not found in dictionary:2HD2ASN ASN!
Warning: Using generic atom H radius value 0.91
Warning: Atom radius not found in dictionary:OC1 PHE!
Warning: Using generic atom O radius value 1.69
Warning: Atom radius not found in dictionary:OC2 PHE!
Warning: Using generic atom O radius value 1.69
Warning: Atom radius not found in dictionary:H1 PRO!
Warning: Using generic atom H radius value 0.91
Warning: Atom radius not found in dictionary:H2 PRO!
Warning: Using generic atom H radius value 0.91
Warning: Atom radius not found in dictionary:1HE2GLN GLN!
Warning: Using generic atom H radius value 0.91
Warning: Atom radius not found in dictionary:2HE2GLN GLN!
Warning: Using generic atom H radius value 0.91
Warning: Atom radius not found in dictionary:1HG1VAL VAL!
Warning: Using generic atom H radius value 0.91
Warning: Atom radius not found in dictionary:2HG1VAL VAL!
Warning: Using generic atom H radius value 0.91
Warning: Atom radius not found in dictionary:3HG1VAL VAL!
Warning: Using generic atom H radius value 0.91
Warning: Atom radius not found in dictionary:1HG2VAL VAL!
Warning: Using generic atom H radius value 0.91
Warning: Atom radius not found in dictionary:2HG2VAL VAL!
Warning: Using generic atom H radius value 0.91
Warning: Atom radius not found in dictionary:3HG2VAL VAL!
Warning: Using generic atom H radius value 0.91
Warning: Atom radius not found in dictionary:1HG2THR THR!
Warning: Using generic atom H radius value 0.91
Warning: Atom radius not found in dictionary:2HG2THR THR!
Warning: Using generic atom H radius value 0.91
Warning: Atom radius not found in dictionary:3HG2THR THR!
Warning: Using generic atom H radius value 0.91
Warning: Atom radius not found in dictionary:1HD1LEU LEU!
Warning: Using generic atom H radius value 0.91
Warning: Atom radius not found in dictionary:2HD1LEU LEU!
Warning: Using generic atom H radius value 0.91
Warning: Atom radius not found in dictionary:3HD1LEU LEU!
Warning: Using generic atom H radius value 0.91
Warning: Atom radius not found in dictionary:1HD2LEU LEU!
Warning: Using generic atom H radius value 0.91
Warning: Atom radius not found in dictionary:2HD2LEU LEU!
Warning: Using generic atom H radius value 0.91
Warning: Atom radius not found in dictionary:3HD2LEU LEU!
Warning: Using generic atom H radius value 0.91
Warning: Atom radius not found in dictionary:1HE2GLN GLN!
Warning: Using generic atom H radius value 0.91
Warning: Atom radius not found in dictionary:2HE2GLN GLN!
Warning: Using generic atom H radius value 0.91
Warning: Atom radius not found in dictionary:1HH1ARG ARG!
Warning: Using generic atom H radius value 0.91
Warning: Atom radius not found in dictionary:2HH1ARG ARG!
Warning: Using generic atom H radius value 0.91
Warning: Atom radius not found in dictionary:1HH2ARG ARG!
Warning: Using generic atom H radius value 0.91
Warning: Atom radius not found in dictionary:2HH2ARG ARG!
Warning: Using generic atom H radius value 0.91
Warning: Atom radius not found in dictionary:1HD1LEU LEU!
Warning: Using generic atom H radius value 0.91
Warning: Atom radius not found in dictionary:2HD1LEU LEU!
Warning: Using generic atom H radius value 0.91
Warning: Atom radius not found in dictionary:3HD1LEU LEU!
Warning: Using generic atom H radius value 0.91
Warning: Atom radius not found in dictionary:1HD2LEU LEU!
Warning: Using generic atom H radius value 0.91
Warning: Atom radius not found in dictionary:2HD2LEU LEU!
Warning: Using generic atom H radius value 0.91
Warning: Atom radius not found in dictionary:3HD2LEU LEU!
Warning: Using generic atom H radius value 0.91
Warning: Atom radius not found in dictionary:1HG1VAL VAL!
Warning: Using generic atom H radius value 0.91
Warning: Atom radius not found in dictionary:2HG1VAL VAL!
Warning: Using generic atom H radius value 0.91
Warning: Atom radius not found in dictionary:3HG1VAL VAL!
Warning: Using generic atom H radius value 0.91
Warning: Atom radius not found in dictionary:1HG2VAL VAL!
Warning: Using generic atom H radius value 0.91
Warning: Atom radius not found in dictionary:2HG2VAL VAL!
Warning: Using generic atom H radius value 0.91
Warning: Atom radius not found in dictionary:3HG2VAL VAL!
Warning: Using generic atom H radius value 0.91
Warning: Atom radius not found in dictionary:1HG2THR THR!
Warning: Using generic atom H radius value 0.91
Warning: Atom radius not found in dictionary:2HG2THR THR!
Warning: Using generic atom H radius value 0.91
Warning: Atom radius not found in dictionary:3HG2THR THR!
Warning: Using generic atom H radius value 0.91
Warning: Atom radius not found in dictionary:CD ILE!
Warning: Using generic atom C radius value 1.66
Warning: Atom radius not found in dictionary:1HG1ILE ILE!
Warning: Using generic atom H radius value 0.91
Warning: Atom radius not found in dictionary:2HG1ILE ILE!
Warning: Using generic atom H radius value 0.91
Warning: Atom radius not found in dictionary:1HG2ILE ILE!
Warning: Using generic atom H radius value 0.91
Warning: Atom radius not found in dictionary:2HG2ILE ILE!
Warning: Using generic atom H radius value 0.91
Warning: Atom radius not found in dictionary:3HG2ILE ILE!
Warning: Using generic atom H radius value 0.91
Warning: Atom radius not found in dictionary:HD1 ILE!
Warning: Using generic atom H radius value 0.91
Warning: Atom radius not found in dictionary:HD2 ILE!
Warning: Using generic atom H radius value 0.91
Warning: Atom radius not found in dictionary:HD3 ILE!
Warning: Using generic atom H radius value 0.91
Warning: Atom radius not found in dictionary:CD ILE!
Warning: Using generic atom C radius value 1.66
Warning: Atom radius not found in dictionary:1HG1ILE ILE!
Warning: Using generic atom H radius value 0.91
Warning: Atom radius not found in dictionary:2HG1ILE ILE!
Warning: Using generic atom H radius value 0.91
Warning: Atom radius not found in dictionary:1HG2ILE ILE!
Warning: Using generic atom H radius value 0.91
Warning: Atom radius not found in dictionary:2HG2ILE ILE!
Warning: Using generic atom H radius value 0.91
Warning: Atom radius not found in dictionary:3HG2ILE ILE!
Warning: Using generic atom H radius value 0.91
Warning: Atom radius not found in dictionary:HD1 ILE!
Warning: Using generic atom H radius value 0.91
Warning: Atom radius not found in dictionary:HD2 ILE!
Warning: Using generic atom H radius value 0.91
Warning: Atom radius not found in dictionary:HD3 ILE!
Warning: Using generic atom H radius value 0.91
Warning: Atom radius not found in dictionary:1HE2GLN GLN!
Warning: Using generic atom H radius value 0.91
Warning: Atom radius not found in dictionary:2HE2GLN GLN!
Warning: Using generic atom H radius value 0.91
Warning: Atom radius not found in dictionary:1HD1LEU LEU!
Warning: Using generic atom H radius value 0.91
Warning: Atom radius not found in dictionary:2HD1LEU LEU!
Warning: Using generic atom H radius value 0.91
Warning: Atom radius not found in dictionary:3HD1LEU LEU!
Warning: Using generic atom H radius value 0.91
Warning: Atom radius not found in dictionary:1HD2LEU LEU!
Warning: Using generic atom H radius value 0.91
Warning: Atom radius not found in dictionary:2HD2LEU LEU!
Warning: Using generic atom H radius value 0.91
Warning: Atom radius not found in dictionary:3HD2LEU LEU!
Warning: Using generic atom H radius value 0.91
Warning: Atom radius not found in dictionary:1HD1LEU LEU!
Warning: Using generic atom H radius value 0.91
Warning: Atom radius not found in dictionary:2HD1LEU LEU!
Warning: Using generic atom H radius value 0.91
Warning: Atom radius not found in dictionary:3HD1LEU LEU!
Warning: Using generic atom H radius value 0.91
Warning: Atom radius not found in dictionary:1HD2LEU LEU!
Warning: Using generic atom H radius value 0.91
Warning: Atom radius not found in dictionary:2HD2LEU LEU!
Warning: Using generic atom H radius value 0.91
Warning: Atom radius not found in dictionary:3HD2LEU LEU!
Warning: Using generic atom H radius value 0.91
Warning: Atom radius not found in dictionary:1HD1LEU LEU!
Warning: Using generic atom H radius value 0.91
Warning: Atom radius not found in dictionary:2HD1LEU LEU!
Warning: Using generic atom H radius value 0.91
Warning: Atom radius not found in dictionary:3HD1LEU LEU!
Warning: Using generic atom H radius value 0.91
Warning: Atom radius not found in dictionary:1HD2LEU LEU!
Warning: Using generic atom H radius value 0.91
Warning: Atom radius not found in dictionary:2HD2LEU LEU!
Warning: Using generic atom H radius value 0.91
Warning: Atom radius not found in dictionary:3HD2LEU LEU!
Warning: Using generic atom H radius value 0.91
Warning: Atom radius not found in dictionary:1HG2THR THR!
Warning: Using generic atom H radius value 0.91
Warning: Atom radius not found in dictionary:2HG2THR THR!
Warning: Using generic atom H radius value 0.91
Warning: Atom radius not found in dictionary:3HG2THR THR!
Warning: Using generic atom H radius value 0.91
Warning: Atom radius not found in dictionary:1HG2THR THR!
Warning: Using generic atom H radius value 0.91
Warning: Atom radius not found in dictionary:2HG2THR THR!
Warning: Using generic atom H radius value 0.91
Warning: Atom radius not found in dictionary:3HG2THR THR!
Warning: Using generic atom H radius value 0.91
Warning: Atom radius not found in dictionary:1HG1VAL VAL!
Warning: Using generic atom H radius value 0.91
Warning: Atom radius not found in dictionary:2HG1VAL VAL!
Warning: Using generic atom H radius value 0.91
Warning: Atom radius not found in dictionary:3HG1VAL VAL!
Warning: Using generic atom H radius value 0.91
Warning: Atom radius not found in dictionary:1HG2VAL VAL!
Warning: Using generic atom H radius value 0.91
Warning: Atom radius not found in dictionary:2HG2VAL VAL!
Warning: Using generic atom H radius value 0.91
Warning: Atom radius not found in dictionary:3HG2VAL VAL!
Warning: Using generic atom H radius value 0.91
Warning: Atom radius not found in dictionary:1HD1LEU LEU!
Warning: Using generic atom H radius value 0.91
Warning: Atom radius not found in dictionary:2HD1LEU LEU!
Warning: Using generic atom H radius value 0.91
Warning: Atom radius not found in dictionary:3HD1LEU LEU!
Warning: Using generic atom H radius value 0.91
Warning: Atom radius not found in dictionary:1HD2LEU LEU!
Warning: Using generic atom H radius value 0.91
Warning: Atom radius not found in dictionary:2HD2LEU LEU!
Warning: Using generic atom H radius value 0.91
Warning: Atom radius not found in dictionary:3HD2LEU LEU!
Warning: Using generic atom H radius value 0.91
Warning: Atom radius not found in dictionary:1HD1LEU LEU!
Warning: Using generic atom H radius value 0.91
Warning: Atom radius not found in dictionary:2HD1LEU LEU!
Warning: Using generic atom H radius value 0.91
Warning: Atom radius not found in dictionary:3HD1LEU LEU!
Warning: Using generic atom H radius value 0.91
Warning: Atom radius not found in dictionary:1HD2LEU LEU!
Warning: Using generic atom H radius value 0.91
Warning: Atom radius not found in dictionary:2HD2LEU LEU!
Warning: Using generic atom H radius value 0.91
Warning: Atom radius not found in dictionary:3HD2LEU LEU!
Warning: Using generic atom H radius value 0.91
Warning: Atom radius not found in dictionary:1HH1ARG ARG!
Warning: Using generic atom H radius value 0.91
Warning: Atom radius not found in dictionary:2HH1ARG ARG!
Warning: Using generic atom H radius value 0.91
Warning: Atom radius not found in dictionary:1HH2ARG ARG!
Warning: Using generic atom H radius value 0.91
Warning: Atom radius not found in dictionary:2HH2ARG ARG!
Warning: Using generic atom H radius value 0.91
Warning: Atom radius not found in dictionary:CD ILE!
Warning: Using generic atom C radius value 1.66
Warning: Atom radius not found in dictionary:1HG1ILE ILE!
Warning: Using generic atom H radius value 0.91
Warning: Atom radius not found in dictionary:2HG1ILE ILE!
Warning: Using generic atom H radius value 0.91
Warning: Atom radius not found in dictionary:1HG2ILE ILE!
Warning: Using generic atom H radius value 0.91
Warning: Atom radius not found in dictionary:2HG2ILE ILE!
Warning: Using generic atom H radius value 0.91
Warning: Atom radius not found in dictionary:3HG2ILE ILE!
Warning: Using generic atom H radius value 0.91
Warning: Atom radius not found in dictionary:HD1 ILE!
Warning: Using generic atom H radius value 0.91
Warning: Atom radius not found in dictionary:HD2 ILE!
Warning: Using generic atom H radius value 0.91
Warning: Atom radius not found in dictionary:HD3 ILE!
Warning: Using generic atom H radius value 0.91
Warning: Atom radius not found in dictionary:CD ILE!
Warning: Using generic atom C radius value 1.66
Warning: Atom radius not found in dictionary:1HG1ILE ILE!
Warning: Using generic atom H radius value 0.91
Warning: Atom radius not found in dictionary:2HG1ILE ILE!
Warning: Using generic atom H radius value 0.91
Warning: Atom radius not found in dictionary:1HG2ILE ILE!
Warning: Using generic atom H radius value 0.91
Warning: Atom radius not found in dictionary:2HG2ILE ILE!
Warning: Using generic atom H radius value 0.91
Warning: Atom radius not found in dictionary:3HG2ILE ILE!
Warning: Using generic atom H radius value 0.91
Warning: Atom radius not found in dictionary:HD1 ILE!
Warning: Using generic atom H radius value 0.91
Warning: Atom radius not found in dictionary:HD2 ILE!
Warning: Using generic atom H radius value 0.91
Warning: Atom radius not found in dictionary:HD3 ILE!
Warning: Using generic atom H radius value 0.91
Warning: Atom radius not found in dictionary:CD ILE!
Warning: Using generic atom C radius value 1.66
Warning: Atom radius not found in dictionary:1HG1ILE ILE!
Warning: Using generic atom H radius value 0.91
Warning: Atom radius not found in dictionary:2HG1ILE ILE!
Warning: Using generic atom H radius value 0.91
Warning: Atom radius not found in dictionary:1HG2ILE ILE!
Warning: Using generic atom H radius value 0.91
Warning: Atom radius not found in dictionary:2HG2ILE ILE!
Warning: Using generic atom H radius value 0.91
Warning: Atom radius not found in dictionary:3HG2ILE ILE!
Warning: Using generic atom H radius value 0.91
Warning: Atom radius not found in dictionary:HD1 ILE!
Warning: Using generic atom H radius value 0.91
Warning: Atom radius not found in dictionary:HD2 ILE!
Warning: Using generic atom H radius value 0.91
Warning: Atom radius not found in dictionary:HD3 ILE!
Warning: Using generic atom H radius value 0.91
Warning: Atom radius not found in dictionary:1HG1VAL VAL!
Warning: Using generic atom H radius value 0.91
Warning: Atom radius not found in dictionary:2HG1VAL VAL!
Warning: Using generic atom H radius value 0.91
Warning: Atom radius not found in dictionary:3HG1VAL VAL!
Warning: Using generic atom H radius value 0.91
Warning: Atom radius not found in dictionary:1HG2VAL VAL!
Warning: Using generic atom H radius value 0.91
Warning: Atom radius not found in dictionary:2HG2VAL VAL!
Warning: Using generic atom H radius value 0.91
Warning: Atom radius not found in dictionary:3HG2VAL VAL!
Warning: Using generic atom H radius value 0.91
Warning: Atom radius not found in dictionary:1HH1ARG ARG!
Warning: Using generic atom H radius value 0.91
Warning: Atom radius not found in dictionary:2HH1ARG ARG!
Warning: Using generic atom H radius value 0.91
Warning: Atom radius not found in dictionary:1HH2ARG ARG!
Warning: Using generic atom H radius value 0.91
Warning: Atom radius not found in dictionary:2HH2ARG ARG!
Warning: Using generic atom H radius value 0.91
Warning: Atom radius not found in dictionary:1HE2GLN GLN!
Warning: Using generic atom H radius value 0.91
Warning: Atom radius not found in dictionary:2HE2GLN GLN!
Warning: Using generic atom H radius value 0.91
Warning: Atom radius not found in dictionary:1HE2GLN GLN!
Warning: Using generic atom H radius value 0.91
Warning: Atom radius not found in dictionary:2HE2GLN GLN!
Warning: Using generic atom H radius value 0.91
Warning: Atom radius not found in dictionary:CD ILE!
Warning: Using generic atom C radius value 1.66
Warning: Atom radius not found in dictionary:1HG1ILE ILE!
Warning: Using generic atom H radius value 0.91
Warning: Atom radius not found in dictionary:2HG1ILE ILE!
Warning: Using generic atom H radius value 0.91
Warning: Atom radius not found in dictionary:1HG2ILE ILE!
Warning: Using generic atom H radius value 0.91
Warning: Atom radius not found in dictionary:2HG2ILE ILE!
Warning: Using generic atom H radius value 0.91
Warning: Atom radius not found in dictionary:3HG2ILE ILE!
Warning: Using generic atom H radius value 0.91
Warning: Atom radius not found in dictionary:HD1 ILE!
Warning: Using generic atom H radius value 0.91
Warning: Atom radius not found in dictionary:HD2 ILE!
Warning: Using generic atom H radius value 0.91
Warning: Atom radius not found in dictionary:HD3 ILE!
Warning: Using generic atom H radius value 0.91
Warning: Atom radius not found in dictionary:1HD1LEU LEU!
Warning: Using generic atom H radius value 0.91
Warning: Atom radius not found in dictionary:2HD1LEU LEU!
Warning: Using generic atom H radius value 0.91
Warning: Atom radius not found in dictionary:3HD1LEU LEU!
Warning: Using generic atom H radius value 0.91
Warning: Atom radius not found in dictionary:1HD2LEU LEU!
Warning: Using generic atom H radius value 0.91
Warning: Atom radius not found in dictionary:2HD2LEU LEU!
Warning: Using generic atom H radius value 0.91
Warning: Atom radius not found in dictionary:3HD2LEU LEU!
Warning: Using generic atom H radius value 0.91
Warning: Atom radius not found in dictionary:CD ILE!
Warning: Using generic atom C radius value 1.66
Warning: Atom radius not found in dictionary:1HG1ILE ILE!
Warning: Using generic atom H radius value 0.91
Warning: Atom radius not found in dictionary:2HG1ILE ILE!
Warning: Using generic atom H radius value 0.91
Warning: Atom radius not found in dictionary:1HG2ILE ILE!
Warning: Using generic atom H radius value 0.91
Warning: Atom radius not found in dictionary:2HG2ILE ILE!
Warning: Using generic atom H radius value 0.91
Warning: Atom radius not found in dictionary:3HG2ILE ILE!
Warning: Using generic atom H radius value 0.91
Warning: Atom radius not found in dictionary:HD1 ILE!
Warning: Using generic atom H radius value 0.91
Warning: Atom radius not found in dictionary:HD2 ILE!
Warning: Using generic atom H radius value 0.91
Warning: Atom radius not found in dictionary:HD3 ILE!
Warning: Using generic atom H radius value 0.91
Warning: Atom radius not found in dictionary:CD ILE!
Warning: Using generic atom C radius value 1.66
Warning: Atom radius not found in dictionary:1HG1ILE ILE!
Warning: Using generic atom H radius value 0.91
Warning: Atom radius not found in dictionary:2HG1ILE ILE!
Warning: Using generic atom H radius value 0.91
Warning: Atom radius not found in dictionary:1HG2ILE ILE!
Warning: Using generic atom H radius value 0.91
Warning: Atom radius not found in dictionary:2HG2ILE ILE!
Warning: Using generic atom H radius value 0.91
Warning: Atom radius not found in dictionary:3HG2ILE ILE!
Warning: Using generic atom H radius value 0.91
Warning: Atom radius not found in dictionary:HD1 ILE!
Warning: Using generic atom H radius value 0.91
Warning: Atom radius not found in dictionary:HD2 ILE!
Warning: Using generic atom H radius value 0.91
Warning: Atom radius not found in dictionary:HD3 ILE!
Warning: Using generic atom H radius value 0.91
Warning: Atom radius not found in dictionary:HE2 HIS!
Warning: Using generic atom H radius value 0.91
Warning: Atom radius not found in dictionary:CD ILE!
Warning: Using generic atom C radius value 1.66
Warning: Atom radius not found in dictionary:1HG1ILE ILE!
Warning: Using generic atom H radius value 0.91
Warning: Atom radius not found in dictionary:2HG1ILE ILE!
Warning: Using generic atom H radius value 0.91
Warning: Atom radius not found in dictionary:1HG2ILE ILE!
Warning: Using generic atom H radius value 0.91
Warning: Atom radius not found in dictionary:2HG2ILE ILE!
Warning: Using generic atom H radius value 0.91
Warning: Atom radius not found in dictionary:3HG2ILE ILE!
Warning: Using generic atom H radius value 0.91
Warning: Atom radius not found in dictionary:HD1 ILE!
Warning: Using generic atom H radius value 0.91
Warning: Atom radius not found in dictionary:HD2 ILE!
Warning: Using generic atom H radius value 0.91
Warning: Atom radius not found in dictionary:HD3 ILE!
Warning: Using generic atom H radius value 0.91
Warning: Atom radius not found in dictionary:1HG2THR THR!
Warning: Using generic atom H radius value 0.91
Warning: Atom radius not found in dictionary:2HG2THR THR!
Warning: Using generic atom H radius value 0.91
Warning: Atom radius not found in dictionary:3HG2THR THR!
Warning: Using generic atom H radius value 0.91
Warning: Atom radius not found in dictionary:1HG1VAL VAL!
Warning: Using generic atom H radius value 0.91
Warning: Atom radius not found in dictionary:2HG1VAL VAL!
Warning: Using generic atom H radius value 0.91
Warning: Atom radius not found in dictionary:3HG1VAL VAL!
Warning: Using generic atom H radius value 0.91
Warning: Atom radius not found in dictionary:1HG2VAL VAL!
Warning: Using generic atom H radius value 0.91
Warning: Atom radius not found in dictionary:2HG2VAL VAL!
Warning: Using generic atom H radius value 0.91
Warning: Atom radius not found in dictionary:3HG2VAL VAL!
Warning: Using generic atom H radius value 0.91
Warning: Atom radius not found in dictionary:1HD1LEU LEU!
Warning: Using generic atom H radius value 0.91
Warning: Atom radius not found in dictionary:2HD1LEU LEU!
Warning: Using generic atom H radius value 0.91
Warning: Atom radius not found in dictionary:3HD1LEU LEU!
Warning: Using generic atom H radius value 0.91
Warning: Atom radius not found in dictionary:1HD2LEU LEU!
Warning: Using generic atom H radius value 0.91
Warning: Atom radius not found in dictionary:2HD2LEU LEU!
Warning: Using generic atom H radius value 0.91
Warning: Atom radius not found in dictionary:3HD2LEU LEU!
Warning: Using generic atom H radius value 0.91
Warning: Atom radius not found in dictionary:1HG1VAL VAL!
Warning: Using generic atom H radius value 0.91
Warning: Atom radius not found in dictionary:2HG1VAL VAL!
Warning: Using generic atom H radius value 0.91
Warning: Atom radius not found in dictionary:3HG1VAL VAL!
Warning: Using generic atom H radius value 0.91
Warning: Atom radius not found in dictionary:1HG2VAL VAL!
Warning: Using generic atom H radius value 0.91
Warning: Atom radius not found in dictionary:2HG2VAL VAL!
Warning: Using generic atom H radius value 0.91
Warning: Atom radius not found in dictionary:3HG2VAL VAL!
Warning: Using generic atom H radius value 0.91
Warning: Atom radius not found in dictionary:1HG2THR THR!
Warning: Using generic atom H radius value 0.91
Warning: Atom radius not found in dictionary:2HG2THR THR!
Warning: Using generic atom H radius value 0.91
Warning: Atom radius not found in dictionary:3HG2THR THR!
Warning: Using generic atom H radius value 0.91
Warning: Atom radius not found in dictionary:1HG1VAL VAL!
Warning: Using generic atom H radius value 0.91
Warning: Atom radius not found in dictionary:2HG1VAL VAL!
Warning: Using generic atom H radius value 0.91
Warning: Atom radius not found in dictionary:3HG1VAL VAL!
Warning: Using generic atom H radius value 0.91
Warning: Atom radius not found in dictionary:1HG2VAL VAL!
Warning: Using generic atom H radius value 0.91
Warning: Atom radius not found in dictionary:2HG2VAL VAL!
Warning: Using generic atom H radius value 0.91
Warning: Atom radius not found in dictionary:3HG2VAL VAL!
Warning: Using generic atom H radius value 0.91
Warning: Atom radius not found in dictionary:1HD2ASN ASN!
Warning: Using generic atom H radius value 0.91
Warning: Atom radius not found in dictionary:2HD2ASN ASN!
Warning: Using generic atom H radius value 0.91
Warning: Atom radius not found in dictionary:CD ILE!
Warning: Using generic atom C radius value 1.66
Warning: Atom radius not found in dictionary:1HG1ILE ILE!
Warning: Using generic atom H radius value 0.91
Warning: Atom radius not found in dictionary:2HG1ILE ILE!
Warning: Using generic atom H radius value 0.91
Warning: Atom radius not found in dictionary:1HG2ILE ILE!
Warning: Using generic atom H radius value 0.91
Warning: Atom radius not found in dictionary:2HG2ILE ILE!
Warning: Using generic atom H radius value 0.91
Warning: Atom radius not found in dictionary:3HG2ILE ILE!
Warning: Using generic atom H radius value 0.91
Warning: Atom radius not found in dictionary:HD1 ILE!
Warning: Using generic atom H radius value 0.91
Warning: Atom radius not found in dictionary:HD2 ILE!
Warning: Using generic atom H radius value 0.91
Warning: Atom radius not found in dictionary:HD3 ILE!
Warning: Using generic atom H radius value 0.91
Warning: Atom radius not found in dictionary:CD ILE!
Warning: Using generic atom C radius value 1.66
Warning: Atom radius not found in dictionary:1HG1ILE ILE!
Warning: Using generic atom H radius value 0.91
Warning: Atom radius not found in dictionary:2HG1ILE ILE!
Warning: Using generic atom H radius value 0.91
Warning: Atom radius not found in dictionary:1HG2ILE ILE!
Warning: Using generic atom H radius value 0.91
Warning: Atom radius not found in dictionary:2HG2ILE ILE!
Warning: Using generic atom H radius value 0.91
Warning: Atom radius not found in dictionary:3HG2ILE ILE!
Warning: Using generic atom H radius value 0.91
Warning: Atom radius not found in dictionary:HD1 ILE!
Warning: Using generic atom H radius value 0.91
Warning: Atom radius not found in dictionary:HD2 ILE!
Warning: Using generic atom H radius value 0.91
Warning: Atom radius not found in dictionary:HD3 ILE!
Warning: Using generic atom H radius value 0.91
Warning: Atom radius not found in dictionary:1HH1ARG ARG!
Warning: Using generic atom H radius value 0.91
Warning: Atom radius not found in dictionary:2HH1ARG ARG!
Warning: Using generic atom H radius value 0.91
Warning: Atom radius not found in dictionary:1HH2ARG ARG!
Warning: Using generic atom H radius value 0.91
Warning: Atom radius not found in dictionary:2HH2ARG ARG!
Warning: Using generic atom H radius value 0.91
Warning: Atom radius not found in dictionary:1HD2ASN ASN!
Warning: Using generic atom H radius value 0.91
Warning: Atom radius not found in dictionary:2HD2ASN ASN!
Warning: Using generic atom H radius value 0.91
Warning: Atom radius not found in dictionary:1HD1LEU LEU!
Warning: Using generic atom H radius value 0.91
Warning: Atom radius not found in dictionary:2HD1LEU LEU!
Warning: Using generic atom H radius value 0.91
Warning: Atom radius not found in dictionary:3HD1LEU LEU!
Warning: Using generic atom H radius value 0.91
Warning: Atom radius not found in dictionary:1HD2LEU LEU!
Warning: Using generic atom H radius value 0.91
Warning: Atom radius not found in dictionary:2HD2LEU LEU!
Warning: Using generic atom H radius value 0.91
Warning: Atom radius not found in dictionary:3HD2LEU LEU!
Warning: Using generic atom H radius value 0.91
Warning: Atom radius not found in dictionary:1HD1LEU LEU!
Warning: Using generic atom H radius value 0.91
Warning: Atom radius not found in dictionary:2HD1LEU LEU!
Warning: Using generic atom H radius value 0.91
Warning: Atom radius not found in dictionary:3HD1LEU LEU!
Warning: Using generic atom H radius value 0.91
Warning: Atom radius not found in dictionary:1HD2LEU LEU!
Warning: Using generic atom H radius value 0.91
Warning: Atom radius not found in dictionary:2HD2LEU LEU!
Warning: Using generic atom H radius value 0.91
Warning: Atom radius not found in dictionary:3HD2LEU LEU!
Warning: Using generic atom H radius value 0.91
Warning: Atom radius not found in dictionary:1HG2THR THR!
Warning: Using generic atom H radius value 0.91
Warning: Atom radius not found in dictionary:2HG2THR THR!
Warning: Using generic atom H radius value 0.91
Warning: Atom radius not found in dictionary:3HG2THR THR!
Warning: Using generic atom H radius value 0.91
Warning: Atom radius not found in dictionary:1HE2GLN GLN!
Warning: Using generic atom H radius value 0.91
Warning: Atom radius not found in dictionary:2HE2GLN GLN!
Warning: Using generic atom H radius value 0.91
Warning: Atom radius not found in dictionary:CD ILE!
Warning: Using generic atom C radius value 1.66
Warning: Atom radius not found in dictionary:1HG1ILE ILE!
Warning: Using generic atom H radius value 0.91
Warning: Atom radius not found in dictionary:2HG1ILE ILE!
Warning: Using generic atom H radius value 0.91
Warning: Atom radius not found in dictionary:1HG2ILE ILE!
Warning: Using generic atom H radius value 0.91
Warning: Atom radius not found in dictionary:2HG2ILE ILE!
Warning: Using generic atom H radius value 0.91
Warning: Atom radius not found in dictionary:3HG2ILE ILE!
Warning: Using generic atom H radius value 0.91
Warning: Atom radius not found in dictionary:HD1 ILE!
Warning: Using generic atom H radius value 0.91
Warning: Atom radius not found in dictionary:HD2 ILE!
Warning: Using generic atom H radius value 0.91
Warning: Atom radius not found in dictionary:HD3 ILE!
Warning: Using generic atom H radius value 0.91
Warning: Atom radius not found in dictionary:1HG2THR THR!
Warning: Using generic atom H radius value 0.91
Warning: Atom radius not found in dictionary:2HG2THR THR!
Warning: Using generic atom H radius value 0.91
Warning: Atom radius not found in dictionary:3HG2THR THR!
Warning: Using generic atom H radius value 0.91
Warning: Atom radius not found in dictionary:1HD1LEU LEU!
Warning: Using generic atom H radius value 0.91
Warning: Atom radius not found in dictionary:2HD1LEU LEU!
Warning: Using generic atom H radius value 0.91
Warning: Atom radius not found in dictionary:3HD1LEU LEU!
Warning: Using generic atom H radius value 0.91
Warning: Atom radius not found in dictionary:1HD2LEU LEU!
Warning: Using generic atom H radius value 0.91
Warning: Atom radius not found in dictionary:2HD2LEU LEU!
Warning: Using generic atom H radius value 0.91
Warning: Atom radius not found in dictionary:3HD2LEU LEU!
Warning: Using generic atom H radius value 0.91
Warning: Atom radius not found in dictionary:1HD2ASN ASN!
Warning: Using generic atom H radius value 0.91
Warning: Atom radius not found in dictionary:2HD2ASN ASN!
Warning: Using generic atom H radius value 0.91
Warning: Atom radius not found in dictionary:OC1 PHE!
Warning: Using generic atom O radius value 1.69
Warning: Atom radius not found in dictionary:OC2 PHE!
Warning: Using generic atom O radius value 1.69
Elapsed time: 0.92 seconds

==========	END	RUN	=========


